[2025-11-07 17:02:34,631: INFO: common: yaml file: config/config.yaml loaded successfully]
[2025-11-07 17:02:34,634: INFO: common: yaml file: params.yaml loaded successfully]
[2025-11-07 17:02:34,637: INFO: common: created directory at: artifacts]
[2025-11-07 17:02:34,638: INFO: common: created directory at: artifacts/data_ingestion]
[2025-11-07 17:02:34,640: INFO: 986331348: Downloading data from https://drive.google.com/file/d/1Lr9Il89ktp1vVHHw9Ejg57l7bXVmgzPi/view?usp=sharing into file artifacts/data_ingestion/data.zip]
[2025-11-07 17:03:51,748: INFO: 986331348: Downloaded data from https://drive.google.com/file/d/1Lr9Il89ktp1vVHHw9Ejg57l7bXVmgzPi/view?usp=sharing into file artifacts/data_ingestion/data.zip]
[2025-11-07 17:17:36,843: INFO: main: >>>>>> stage Data Ingestion stage started <<<<<<]
[2025-11-07 17:17:36,844: INFO: common: yaml file: config/config.yaml loaded successfully]
[2025-11-07 17:17:36,844: INFO: common: yaml file: params.yaml loaded successfully]
[2025-11-07 17:17:36,845: INFO: common: created directory at: artifacts]
[2025-11-07 17:17:36,845: INFO: common: created directory at: artifacts/data_ingestion]
[2025-11-07 17:17:36,845: INFO: data_ingestion: Downloading data from https://drive.google.com/file/d/1Lr9Il89ktp1vVHHw9Ejg57l7bXVmgzPi/view?usp=sharing into file artifacts/data_ingestion/data.zip]
[2025-11-07 17:19:32,107: INFO: data_ingestion: Downloaded data from https://drive.google.com/file/d/1Lr9Il89ktp1vVHHw9Ejg57l7bXVmgzPi/view?usp=sharing into file artifacts/data_ingestion/data.zip]
[2025-11-07 17:19:42,950: INFO: main: >>>>>> stage Data Ingestion stage completed <<<<<<

x==========x]
[2025-11-07 18:02:35,909: INFO: common: yaml file: config/config.yaml loaded successfully]
[2025-11-07 18:02:35,912: INFO: common: yaml file: params.yaml loaded successfully]
[2025-11-07 18:02:35,912: INFO: common: created directory at: artifacts]
[2025-11-07 18:02:35,913: INFO: common: created directory at: artifacts/prepare_base_model]
[2025-11-07 18:02:44,165: WARNING: saving_api: You are saving your model as an HDF5 file via `model.save()` or `keras.saving.save_model(model)`. This file format is considered legacy. We recommend using instead the native Keras format, e.g. `model.save('my_model.keras')` or `keras.saving.save_model(model, 'my_model.keras')`. ]
[2025-11-07 18:02:44,545: WARNING: saving_api: You are saving your model as an HDF5 file via `model.save()` or `keras.saving.save_model(model)`. This file format is considered legacy. We recommend using instead the native Keras format, e.g. `model.save('my_model.keras')` or `keras.saving.save_model(model, 'my_model.keras')`. ]
[2025-11-07 18:03:39,356: INFO: main: >>>>>> stage Data Ingestion stage started <<<<<<]
[2025-11-07 18:03:39,357: INFO: common: yaml file: config/config.yaml loaded successfully]
[2025-11-07 18:03:39,357: INFO: common: yaml file: params.yaml loaded successfully]
[2025-11-07 18:03:39,357: INFO: common: created directory at: artifacts]
[2025-11-07 18:03:39,358: INFO: common: created directory at: artifacts/data_ingestion]
[2025-11-07 18:03:39,358: INFO: data_ingestion: Downloading data from https://drive.google.com/file/d/1Lr9Il89ktp1vVHHw9Ejg57l7bXVmgzPi/view?usp=sharing into file artifacts/data_ingestion/data.zip]
[2025-11-07 18:05:03,146: INFO: data_ingestion: Downloaded data from https://drive.google.com/file/d/1Lr9Il89ktp1vVHHw9Ejg57l7bXVmgzPi/view?usp=sharing into file artifacts/data_ingestion/data.zip]
[2025-11-07 18:05:14,268: INFO: main: >>>>>> stage Data Ingestion stage completed <<<<<<

x==========x]
[2025-11-07 18:24:58,463: INFO: main: >>>>>> stage Data Ingestion stage started <<<<<<]
[2025-11-07 18:24:58,464: INFO: common: yaml file: config/config.yaml loaded successfully]
[2025-11-07 18:24:58,465: INFO: common: yaml file: params.yaml loaded successfully]
[2025-11-07 18:24:58,465: INFO: common: created directory at: artifacts]
[2025-11-07 18:24:58,465: INFO: common: created directory at: artifacts/data_ingestion]
[2025-11-07 18:24:58,465: INFO: data_ingestion: Downloading data from https://drive.google.com/file/d/1Lr9Il89ktp1vVHHw9Ejg57l7bXVmgzPi/view?usp=sharing into file artifacts/data_ingestion/data.zip]
[2025-11-07 18:25:56,248: INFO: data_ingestion: Downloaded data from https://drive.google.com/file/d/1Lr9Il89ktp1vVHHw9Ejg57l7bXVmgzPi/view?usp=sharing into file artifacts/data_ingestion/data.zip]
[2025-11-07 18:26:07,773: INFO: main: >>>>>> stage Data Ingestion stage completed <<<<<<

x==========x]
[2025-11-07 18:29:12,745: INFO: common: yaml file: config/config.yaml loaded successfully]
[2025-11-07 18:29:12,749: INFO: common: yaml file: params.yaml loaded successfully]
[2025-11-07 18:29:12,751: INFO: common: created directory at: artifacts]
[2025-11-07 18:29:12,751: INFO: common: created directory at: artifacts/prepare_base_model]
[2025-11-07 18:29:13,445: WARNING: saving_api: You are saving your model as an HDF5 file via `model.save()` or `keras.saving.save_model(model)`. This file format is considered legacy. We recommend using instead the native Keras format, e.g. `model.save('my_model.keras')` or `keras.saving.save_model(model, 'my_model.keras')`. ]
[2025-11-07 18:29:13,660: WARNING: saving_api: You are saving your model as an HDF5 file via `model.save()` or `keras.saving.save_model(model)`. This file format is considered legacy. We recommend using instead the native Keras format, e.g. `model.save('my_model.keras')` or `keras.saving.save_model(model, 'my_model.keras')`. ]
[2025-11-08 14:33:37,229: INFO: common: yaml file: config/config.yaml loaded successfully]
[2025-11-08 14:33:37,233: INFO: common: yaml file: params.yaml loaded successfully]
[2025-11-08 14:33:37,234: INFO: common: created directory at: artifacts]
[2025-11-08 14:33:37,235: INFO: common: created directory at: artifacts/prepare_base_model]
[2025-11-08 14:33:47,714: WARNING: saving_api: You are saving your model as an HDF5 file via `model.save()` or `keras.saving.save_model(model)`. This file format is considered legacy. We recommend using instead the native Keras format, e.g. `model.save('my_model.keras')` or `keras.saving.save_model(model, 'my_model.keras')`. ]
[2025-11-08 14:33:48,186: WARNING: saving_api: You are saving your model as an HDF5 file via `model.save()` or `keras.saving.save_model(model)`. This file format is considered legacy. We recommend using instead the native Keras format, e.g. `model.save('my_model.keras')` or `keras.saving.save_model(model, 'my_model.keras')`. ]
[2025-11-08 14:39:39,476: INFO: common: yaml file: config/config.yaml loaded successfully]
[2025-11-08 14:39:39,480: INFO: common: yaml file: params.yaml loaded successfully]
[2025-11-08 14:39:39,481: INFO: common: created directory at: artifacts]
[2025-11-08 14:39:39,482: INFO: common: created directory at: artifacts/prepare_base_model]
[2025-11-08 14:39:40,402: WARNING: saving_api: You are saving your model as an HDF5 file via `model.save()` or `keras.saving.save_model(model)`. This file format is considered legacy. We recommend using instead the native Keras format, e.g. `model.save('my_model.keras')` or `keras.saving.save_model(model, 'my_model.keras')`. ]
[2025-11-08 14:39:40,845: WARNING: saving_api: You are saving your model as an HDF5 file via `model.save()` or `keras.saving.save_model(model)`. This file format is considered legacy. We recommend using instead the native Keras format, e.g. `model.save('my_model.keras')` or `keras.saving.save_model(model, 'my_model.keras')`. ]
[2025-11-08 14:42:24,740: INFO: common: yaml file: config/config.yaml loaded successfully]
[2025-11-08 14:42:24,743: INFO: common: yaml file: params.yaml loaded successfully]
[2025-11-08 14:42:24,745: INFO: common: created directory at: artifacts]
[2025-11-08 14:42:24,747: INFO: common: created directory at: artifacts/prepare_base_model]
[2025-11-08 14:42:25,649: WARNING: saving_api: You are saving your model as an HDF5 file via `model.save()` or `keras.saving.save_model(model)`. This file format is considered legacy. We recommend using instead the native Keras format, e.g. `model.save('my_model.keras')` or `keras.saving.save_model(model, 'my_model.keras')`. ]
[2025-11-08 14:42:26,040: WARNING: saving_api: You are saving your model as an HDF5 file via `model.save()` or `keras.saving.save_model(model)`. This file format is considered legacy. We recommend using instead the native Keras format, e.g. `model.save('my_model.keras')` or `keras.saving.save_model(model, 'my_model.keras')`. ]
[2025-11-08 14:44:55,104: INFO: common: yaml file: config/config.yaml loaded successfully]
[2025-11-08 14:44:55,109: INFO: common: yaml file: params.yaml loaded successfully]
[2025-11-08 14:44:55,110: INFO: common: created directory at: artifacts]
[2025-11-08 14:44:55,111: INFO: common: created directory at: artifacts/prepare_base_model]
[2025-11-08 14:44:55,979: WARNING: saving_api: You are saving your model as an HDF5 file via `model.save()` or `keras.saving.save_model(model)`. This file format is considered legacy. We recommend using instead the native Keras format, e.g. `model.save('my_model.keras')` or `keras.saving.save_model(model, 'my_model.keras')`. ]
[2025-11-08 14:44:56,361: WARNING: saving_api: You are saving your model as an HDF5 file via `model.save()` or `keras.saving.save_model(model)`. This file format is considered legacy. We recommend using instead the native Keras format, e.g. `model.save('my_model.keras')` or `keras.saving.save_model(model, 'my_model.keras')`. ]
[2025-11-08 14:45:33,941: INFO: common: yaml file: config/config.yaml loaded successfully]
[2025-11-08 14:45:33,954: INFO: common: yaml file: params.yaml loaded successfully]
[2025-11-08 14:45:33,955: INFO: common: created directory at: artifacts]
[2025-11-08 14:45:33,957: INFO: common: created directory at: artifacts/prepare_base_model]
[2025-11-08 14:45:35,145: WARNING: saving_api: You are saving your model as an HDF5 file via `model.save()` or `keras.saving.save_model(model)`. This file format is considered legacy. We recommend using instead the native Keras format, e.g. `model.save('my_model.keras')` or `keras.saving.save_model(model, 'my_model.keras')`. ]
[2025-11-08 14:45:35,529: WARNING: saving_api: You are saving your model as an HDF5 file via `model.save()` or `keras.saving.save_model(model)`. This file format is considered legacy. We recommend using instead the native Keras format, e.g. `model.save('my_model.keras')` or `keras.saving.save_model(model, 'my_model.keras')`. ]
[2025-11-08 15:00:35,197: INFO: main: >>>>>> stage Data Ingestion stage started <<<<<<]
[2025-11-08 15:00:35,199: INFO: common: yaml file: config/config.yaml loaded successfully]
[2025-11-08 15:00:35,199: INFO: common: yaml file: params.yaml loaded successfully]
[2025-11-08 15:00:35,199: INFO: common: created directory at: artifacts]
[2025-11-08 15:00:35,199: INFO: common: created directory at: artifacts/data_ingestion]
[2025-11-08 15:00:35,200: INFO: data_ingestion: Downloading data from https://drive.google.com/file/d/1Lr9Il89ktp1vVHHw9Ejg57l7bXVmgzPi/view?usp=sharing into file artifacts/data_ingestion/data.zip]
[2025-11-08 15:02:06,370: INFO: data_ingestion: Downloaded data from https://drive.google.com/file/d/1Lr9Il89ktp1vVHHw9Ejg57l7bXVmgzPi/view?usp=sharing into file artifacts/data_ingestion/data.zip]
[2025-11-08 15:02:16,877: INFO: main: >>>>>> stage Data Ingestion stage completed <<<<<<

x==========x]
[2025-11-08 15:02:16,877: INFO: main: *******************]
[2025-11-08 15:02:16,877: INFO: main: >>>>>> stage Prepare base model started <<<<<<]
[2025-11-08 15:02:16,879: INFO: common: yaml file: config/config.yaml loaded successfully]
[2025-11-08 15:02:16,879: INFO: common: yaml file: params.yaml loaded successfully]
[2025-11-08 15:02:16,880: INFO: common: created directory at: artifacts]
[2025-11-08 15:02:16,880: INFO: common: created directory at: artifacts/prepare_base_model]
[2025-11-08 15:02:18,997: WARNING: saving_api: You are saving your model as an HDF5 file via `model.save()` or `keras.saving.save_model(model)`. This file format is considered legacy. We recommend using instead the native Keras format, e.g. `model.save('my_model.keras')` or `keras.saving.save_model(model, 'my_model.keras')`. ]
[2025-11-08 15:02:19,537: WARNING: saving_api: You are saving your model as an HDF5 file via `model.save()` or `keras.saving.save_model(model)`. This file format is considered legacy. We recommend using instead the native Keras format, e.g. `model.save('my_model.keras')` or `keras.saving.save_model(model, 'my_model.keras')`. ]
[2025-11-08 15:02:19,927: INFO: main: >>>>>> stage Prepare base model completed <<<<<<

x==========x]
[2025-11-08 16:10:02,587: INFO: common: yaml file: config/config.yaml loaded successfully]
[2025-11-08 16:10:02,594: INFO: common: yaml file: params.yaml loaded successfully]
[2025-11-08 16:10:02,595: INFO: common: created directory at: artifacts]
[2025-11-08 16:10:02,597: INFO: common: created directory at: artifacts/training]
[2025-11-08 16:11:49,762: INFO: common: yaml file: config/config.yaml loaded successfully]
[2025-11-08 16:11:49,767: INFO: common: yaml file: params.yaml loaded successfully]
[2025-11-08 16:11:49,769: INFO: common: created directory at: artifacts]
[2025-11-08 16:11:49,770: INFO: common: created directory at: artifacts/training]
[2025-11-08 16:11:51,320: WARNING: saving_utils: Compiled the loaded model, but the compiled metrics have yet to be built. `model.compile_metrics` will be empty until you train or evaluate the model.]
[2025-11-08 16:22:30,412: INFO: common: yaml file: config/config.yaml loaded successfully]
[2025-11-08 16:22:30,416: INFO: common: yaml file: params.yaml loaded successfully]
[2025-11-08 16:22:30,417: INFO: common: created directory at: artifacts]
[2025-11-08 16:22:30,418: INFO: common: created directory at: artifacts/training]
[2025-11-08 16:22:31,456: WARNING: saving_utils: Compiled the loaded model, but the compiled metrics have yet to be built. `model.compile_metrics` will be empty until you train or evaluate the model.]
[2025-11-08 16:25:16,792: INFO: common: yaml file: config/config.yaml loaded successfully]
[2025-11-08 16:25:16,795: INFO: common: yaml file: params.yaml loaded successfully]
[2025-11-08 16:25:16,796: INFO: common: created directory at: artifacts]
[2025-11-08 16:25:16,796: INFO: common: created directory at: artifacts/training]
[2025-11-08 16:25:17,673: WARNING: saving_utils: Compiled the loaded model, but the compiled metrics have yet to be built. `model.compile_metrics` will be empty until you train or evaluate the model.]
[2025-11-08 16:25:52,609: INFO: common: yaml file: config/config.yaml loaded successfully]
[2025-11-08 16:25:52,612: INFO: common: yaml file: params.yaml loaded successfully]
[2025-11-08 16:25:52,613: INFO: common: created directory at: artifacts]
[2025-11-08 16:25:52,614: INFO: common: created directory at: artifacts/training]
[2025-11-08 16:25:53,622: WARNING: saving_utils: Compiled the loaded model, but the compiled metrics have yet to be built. `model.compile_metrics` will be empty until you train or evaluate the model.]
[2025-11-08 16:29:22,279: INFO: common: yaml file: config/config.yaml loaded successfully]
[2025-11-08 16:29:22,283: INFO: common: yaml file: params.yaml loaded successfully]
[2025-11-08 16:29:22,285: INFO: common: created directory at: artifacts]
[2025-11-08 16:29:22,286: INFO: common: created directory at: artifacts/training]
[2025-11-08 16:29:23,385: WARNING: saving_utils: Compiled the loaded model, but the compiled metrics have yet to be built. `model.compile_metrics` will be empty until you train or evaluate the model.]
[2025-11-08 16:29:41,153: INFO: common: yaml file: config/config.yaml loaded successfully]
[2025-11-08 16:29:41,154: INFO: common: yaml file: params.yaml loaded successfully]
[2025-11-08 16:29:41,155: INFO: common: created directory at: artifacts]
[2025-11-08 16:29:41,156: INFO: common: created directory at: artifacts/training]
[2025-11-08 16:29:41,948: WARNING: saving_utils: Compiled the loaded model, but the compiled metrics have yet to be built. `model.compile_metrics` will be empty until you train or evaluate the model.]
[2025-11-08 16:32:51,166: INFO: common: yaml file: config/config.yaml loaded successfully]
[2025-11-08 16:32:51,168: INFO: common: yaml file: params.yaml loaded successfully]
[2025-11-08 16:32:51,169: INFO: common: created directory at: artifacts]
[2025-11-08 16:32:51,170: INFO: common: created directory at: artifacts/prepare_base_model]
[2025-11-08 16:32:52,502: WARNING: saving_api: You are saving your model as an HDF5 file via `model.save()` or `keras.saving.save_model(model)`. This file format is considered legacy. We recommend using instead the native Keras format, e.g. `model.save('my_model.keras')` or `keras.saving.save_model(model, 'my_model.keras')`. ]
[2025-11-08 16:32:53,958: WARNING: saving_api: You are saving your model as an HDF5 file via `model.save()` or `keras.saving.save_model(model)`. This file format is considered legacy. We recommend using instead the native Keras format, e.g. `model.save('my_model.keras')` or `keras.saving.save_model(model, 'my_model.keras')`. ]
[2025-11-08 16:33:46,687: INFO: common: yaml file: config/config.yaml loaded successfully]
[2025-11-08 16:33:46,691: INFO: common: yaml file: params.yaml loaded successfully]
[2025-11-08 16:33:46,692: INFO: common: created directory at: artifacts]
[2025-11-08 16:33:46,693: INFO: common: created directory at: artifacts/data_ingestion]
[2025-11-08 16:33:46,693: INFO: 986331348: Downloading data from https://drive.google.com/file/d/1Lr9Il89ktp1vVHHw9Ejg57l7bXVmgzPi/view?usp=sharing into file artifacts/data_ingestion/data.zip]
[2025-11-08 16:35:28,395: INFO: 986331348: Downloaded data from https://drive.google.com/file/d/1Lr9Il89ktp1vVHHw9Ejg57l7bXVmgzPi/view?usp=sharing into file artifacts/data_ingestion/data.zip]
[2025-11-08 16:35:57,520: INFO: common: yaml file: config/config.yaml loaded successfully]
[2025-11-08 16:35:57,528: INFO: common: yaml file: params.yaml loaded successfully]
[2025-11-08 16:35:57,532: INFO: common: created directory at: artifacts]
[2025-11-08 16:35:57,539: INFO: common: created directory at: artifacts/prepare_base_model]
[2025-11-08 16:35:58,814: WARNING: saving_api: You are saving your model as an HDF5 file via `model.save()` or `keras.saving.save_model(model)`. This file format is considered legacy. We recommend using instead the native Keras format, e.g. `model.save('my_model.keras')` or `keras.saving.save_model(model, 'my_model.keras')`. ]
[2025-11-08 16:35:59,454: WARNING: saving_api: You are saving your model as an HDF5 file via `model.save()` or `keras.saving.save_model(model)`. This file format is considered legacy. We recommend using instead the native Keras format, e.g. `model.save('my_model.keras')` or `keras.saving.save_model(model, 'my_model.keras')`. ]
[2025-11-08 16:37:18,590: WARNING: saving_utils: Compiled the loaded model, but the compiled metrics have yet to be built. `model.compile_metrics` will be empty until you train or evaluate the model.]
[2025-11-08 16:40:43,517: INFO: common: yaml file: config/config.yaml loaded successfully]
[2025-11-08 16:40:43,521: INFO: common: yaml file: params.yaml loaded successfully]
[2025-11-08 16:40:43,522: INFO: common: created directory at: artifacts]
[2025-11-08 16:40:43,523: INFO: common: created directory at: artifacts/training]
[2025-11-08 16:40:44,567: WARNING: saving_utils: Compiled the loaded model, but the compiled metrics have yet to be built. `model.compile_metrics` will be empty until you train or evaluate the model.]
